[0m[[0m[0mdebug[0m] [0m[0m> Exec(__runWatch console0, Some(52a0cd26-02f0-4711-b876-ed325003cb69), Some(CommandSource(console0)))[0m
[0m[[0m[0mdebug[0m] [0m[0m> Exec(sbtStashOnFailure, None, Some(CommandSource(console0)))[0m
[0m[[0m[0mdebug[0m] [0m[0m> Exec(__preWatch console0, None, Some(CommandSource(console0)))[0m
[0m[[0m[0mdebug[0m] [0m[0m> Exec(run, None, Some(CommandSource(console0)))[0m
[0m[[0m[0mdebug[0m] [0m[0mEvaluating tasks: Compile / run[0m
[0m[[0m[0mdebug[0m] [0m[0mRunning task... Cancel: Signal, check cycles: false, forcegc: true[0m
[0m[[0m[0minfo[0m] [0m[0mcompiling 1 Scala source to /Users/benomac/code/scala/helloworld/hello-world/target/scala-2.13/classes ...[0m
[0m[[0m[31merror[0m] [0m[0m/Users/benomac/code/scala/helloworld/hello-world/src/main/scala/Main.scala:2:38: '=' expected but identifier found.[0m
[0m[[0m[31merror[0m] [0m[0m  def addThenMultiply(x: Int, y: Int)+(multiplier: Int): Int = (x + y) * multiplier[0m
[0m[[0m[31merror[0m] [0m[0m                                     ^[0m
[0m[[0m[31merror[0m] [0m[0m/Users/benomac/code/scala/helloworld/hello-world/src/main/scala/Main.scala:3:1: illegal start of simple expression[0m
[0m[[0m[31merror[0m] [0m[0m  println(addThenMultiply(1, 2)(3)) // 9[0m
[0m[[0m[31merror[0m] [0m[0m^[0m
[0m[[0m[31merror[0m] [0m[0mtwo errors found[0m
[0m[[0m[31merror[0m] [0m[0m(Compile / [31mcompileIncremental[0m) Compilation failed[0m
[0m[[0m[31merror[0m] [0m[0mTotal time: 0 s, completed 20 Mar 2021, 17:34:55[0m
[0m[[0m[0mdebug[0m] [0m[0m> Exec(resumeFromFailure, None, Some(CommandSource(console0)))[0m
[0m[[0m[0mdebug[0m] [0m[0m> Exec(sbtPopOnFailure, None, Some(CommandSource(console0)))[0m
[0m[[0m[0mdebug[0m] [0m[0m> Exec(__postWatch console0, None, Some(CommandSource(console0)))[0m
[0m[[0m[0mdebug[0m] [0m[0m> Exec(__waitWatch console0, None, Some(CommandSource(console0)))[0m
